2026-04-17 14:21:33.102 INFO  [gateway] [reqId=9f2a1d] Incoming request method=POST path=/api/v1/orders from=10.10.2.21
2026-04-17 14:21:33.118 INFO  [auth] [reqId=9f2a1d] Token validated userId=10086
2026-04-17 14:21:33.132 INFO  [risk] [reqId=9f2a1d] Risk check passed scene=submit_order
2026-04-17 14:21:33.145 INFO  [order] [reqId=9f2a1d] Building order aggregate sku=SPX-13 qty=2
2026-04-17 14:21:33.159 INFO  [pricing] [reqId=9f2a1d] Price snapshot loaded channel=app
2026-04-17 14:21:33.173 INFO  [gateway] [reqId=8dd1ac] Incoming request method=GET path=/api/v1/products/42 from=10.10.2.45
2026-04-17 14:21:33.201 INFO  [catalog] [reqId=8dd1ac] Query product detail sku=SPX-13
2026-04-17 14:21:33.214 INFO  [catalog] [reqId=8dd1ac] Query success costMs=39
2026-04-17 14:21:33.255 INFO  [gateway] [reqId=8dd1ac] Request completed status=200 costMs=82
2026-04-17 14:21:33.266 INFO  [gateway] [reqId=4b72ce] Incoming request method=GET path=/api/v1/carts/current from=10.10.2.45
2026-04-17 14:21:33.286 DEBUG [infra] pool=order-worker active=12 queue=1
2026-04-17 14:21:33.301 INFO  [cart] [reqId=4b72ce] Load cart success itemCount=3 costMs=41
2026-04-17 14:21:33.322 INFO  [gateway] [reqId=4b72ce] Request completed status=200 costMs=56
2026-04-17 14:21:33.355 INFO  [inventory] [reqId=9f2a1d] Reserve stock start service=inventory-core sku=SPX-13 qty=2 warehouse=cn-east-1
2026-04-17 14:21:33.401 WARN  [inventory] [reqId=9f2a1d] Redis latency high costMs=248 key=inv:SPX-13
2026-04-17 14:21:33.417 WARN  [gateway] [reqId=ab09dd] Slow request costMs=322 path=/api/v1/promotions/current
2026-04-17 14:21:33.428 INFO  [promo] [reqId=ab09dd] Request completed status=200 costMs=331
2026-04-17 14:21:33.462 WARN  [inventory] [reqId=9f2a1d] Retry reserve not enabled policy=strict_once
2026-04-17 14:21:33.488 DEBUG [health] inventory-core status=UP zone=cn-east-1
2026-04-17 14:21:33.533 INFO  [gateway] [reqId=77cc10] Incoming request method=GET path=/api/v1/orders/health from=127.0.0.1
2026-04-17 14:21:33.541 INFO  [gateway] [reqId=77cc10] Request completed status=200 costMs=7
2026-04-17 14:21:33.799 ERROR [inventory] [reqId=9f2a1d] Upstream timeout service=inventory-core timeoutMs=500
2026-04-17 14:21:33.801 ERROR [order] [reqId=9f2a1d] Reserve stock failed cause=TimeoutException stage=inventory_reserve
2026-04-17 14:21:33.805 ERROR [gateway] [reqId=9f2a1d] Request failed status=500 costMs=703 errCode=ORDER_STOCK_RESERVE_FAIL
2026-04-17 14:21:33.806 INFO  [gateway] [reqId=9f2a1d] Response body={"code":"ORDER_STOCK_RESERVE_FAIL","message":"internal error"}
2026-04-17 14:21:33.847 WARN  [monitor] inventory-core timeout ratio raised to 2.1% in last 1m
